<?xml version="1.0" encoding="UTF-8"?>
<!-- Generated by org.testng.reporters.JUnitReportReporter -->
<testsuite skipped="0" hostname="DESKTOP-6NI868R" name="dummy.restapi.get.DummyAPISchemaTest" tests="1" failures="0" timestamp="18 Mar 2020 11:19:34 GMT" time="6.131" errors="0">
  <testcase name="DummyAPISchemaValidation" time="6.131" classname="dummy.restapi.get.DummyAPISchemaTest"/>
</testsuite> <!-- dummy.restapi.get.DummyAPISchemaTest -->
