<?xml version="1.0" encoding="UTF-8"?>
<!-- Generated by org.testng.reporters.JUnitReportReporter -->
<testsuite skipped="0" hostname="DESKTOP-6NI868R" name="dummy.restapi.get.DummyAPISchemaTest" tests="1" failures="0" timestamp="17 Mar 2020 15:55:07 GMT" time="8.179" errors="0">
  <testcase name="DummyAPISchemaValidation" time="8.179" classname="dummy.restapi.get.DummyAPISchemaTest"/>
</testsuite> <!-- dummy.restapi.get.DummyAPISchemaTest -->
