<?xml version="1.0" encoding="UTF-8"?>
<!-- Generated by org.testng.reporters.JUnitReportReporter -->
<testsuite skipped="0" hostname="DESKTOP-6NI868R" name="dummy.restapi.post.CreateEmployeeWithJsonFile" tests="1" failures="0" timestamp="17 Mar 2020 12:33:18 GMT" time="4.689" errors="0">
  <testcase name="CreateNewEmployeewithJsonFile" time="4.689" classname="dummy.restapi.post.CreateEmployeeWithJsonFile"/>
</testsuite> <!-- dummy.restapi.post.CreateEmployeeWithJsonFile -->
